<?xml version="1.0" encoding="UTF-8"?>
<!-- Generated by org.testng.reporters.JUnitXMLReporter -->
<testsuite ignored="0" hostname="LAPTOP-J57ND3LH" failures="0" tests="0" time="0.0" errors="0" timestamp="2025-09-07T22:00:57 IST">
</testsuite>
