<?xml version="1.0" encoding="UTF-8"?>
<!-- Generated by org.testng.reporters.JUnitReportReporter -->
<testsuite hostname="LAPTOP-J57ND3LH" failures="0" tests="1" name="com.capstone.runners.TestNGCucumberRunnerTest" time="20.295" errors="0" timestamp="2025-09-07T22:00:57 IST" skipped="0">
  <testcase classname="com.capstone.runners.TestNGCucumberRunnerTest" name="runScenario" time="20.295"/>
</testsuite> <!-- com.capstone.runners.TestNGCucumberRunnerTest -->
